0 info it worked if it ends with ok
1 verbose cli [ '/home/hang/tools/web/node-v5.3.0-linux-x64/bin/node',
1 verbose cli   '/home/hang/tools/web/node-v5.3.0-linux-x64/bin/npm',
1 verbose cli   'run',
1 verbose cli   'test' ]
2 info using npm@3.3.12
3 info using node@v5.3.0
4 verbose stack Error: ENOENT: no such file or directory, open '/home/hang/codes/web/react_redux_test/package.json'
4 verbose stack     at Error (native)
5 verbose cwd /home/hang/codes/web/react_redux_test
6 error Linux 3.13.0-79-generic
7 error argv "/home/hang/tools/web/node-v5.3.0-linux-x64/bin/node" "/home/hang/tools/web/node-v5.3.0-linux-x64/bin/npm" "run" "test"
8 error node v5.3.0
9 error npm  v3.3.12
10 error path /home/hang/codes/web/react_redux_test/package.json
11 error code ENOENT
12 error errno -2
13 error syscall open
14 error enoent ENOENT: no such file or directory, open '/home/hang/codes/web/react_redux_test/package.json'
14 error enoent This is most likely not a problem with npm itself
14 error enoent and is related to npm not being able to find a file.
15 verbose exit [ -2, true ]
