0 info it worked if it ends with ok
1 verbose cli [ '/home/hang/tools/web/node-v5.3.0-linux-x64/bin/node',
1 verbose cli   '/home/hang/tools/web/node-v5.3.0-linux-x64/bin/npm',
1 verbose cli   'run',
1 verbose cli   'start' ]
2 info using npm@3.3.12
3 info using node@v5.3.0
4 verbose stack Error: Failed to parse json
4 verbose stack Unexpected token 't' at 8:6
4 verbose stack     "test": "mocha --compilers js:babel-core/register --require ./test/test_hel
4 verbose stack      ^
4 verbose stack     at parseError (/home/hang/tools/web/node-v5.3.0-linux-x64/lib/node_modules/npm/node_modules/read-package-json/read-json.js:379:11)
4 verbose stack     at parseJson (/home/hang/tools/web/node-v5.3.0-linux-x64/lib/node_modules/npm/node_modules/read-package-json/read-json.js:68:23)
4 verbose stack     at /home/hang/tools/web/node-v5.3.0-linux-x64/lib/node_modules/npm/node_modules/read-package-json/read-json.js:48:5
4 verbose stack     at /home/hang/tools/web/node-v5.3.0-linux-x64/lib/node_modules/npm/node_modules/graceful-fs/graceful-fs.js:76:16
4 verbose stack     at tryToString (fs.js:414:3)
4 verbose stack     at FSReqWrap.readFileAfterClose [as oncomplete] (fs.js:401:12)
5 verbose cwd /home/hang/codes/web/react_redux_test/voting-server
6 error Linux 3.13.0-79-generic
7 error argv "/home/hang/tools/web/node-v5.3.0-linux-x64/bin/node" "/home/hang/tools/web/node-v5.3.0-linux-x64/bin/npm" "run" "start"
8 error node v5.3.0
9 error npm  v3.3.12
10 error file /home/hang/codes/web/react_redux_test/voting-server/package.json
11 error code EJSONPARSE
12 error Failed to parse json
12 error Unexpected token 't' at 8:6
12 error     "test": "mocha --compilers js:babel-core/register --require ./test/test_hel
12 error      ^
13 error File: /home/hang/codes/web/react_redux_test/voting-server/package.json
14 error Failed to parse package.json data.
14 error package.json must be actual JSON, not just JavaScript.
14 error
14 error This is not a bug in npm.
14 error Tell the package author to fix their package.json file. JSON.parse
15 verbose exit [ 1, true ]
